<?xml version="1.0" encoding="UTF-8"?>
<!-- Generated by org.testng.reporters.JUnitXMLReporter -->
<testsuite ignored="0" hostname="DESKTOP-5329SEA" failures="0" tests="5" name="Default test" time="166.869" errors="0" timestamp="2022-12-05T15:27:51 EST">
  <testcase classname="TestsCases.LoginCheck" name="loginCheck" time="6.536"/>
  <testcase classname="TestsCases.LoginCheck" name="loginCheck" time="0.41"/>
  <testcase classname="TestsCases.LoginCheck" name="loginCheck" time="0.438"/>
  <testcase classname="TestsCases.LoginCheck" name="loginCheck" time="0.397"/>
  <testcase classname="TestsCases.LoginCheck" name="loginCheck" time="19.799"/>
</testsuite> <!-- Default test -->
